250820 17:53:53 mysqld_safe Starting mariadbd daemon with databases from /Projects/mariadb/
2025-08-20 17:53:53 0 [Note] Starting MariaDB 12.0.2-MariaDB source revision aab83aecdca15738d114cf5a2f223f1d12e4e6bd server_uid OFNsfZ14FMdaOMa4yKWhOP9OmnI= as process 48167
2025-08-20 17:53:53 0 [Note] InnoDB: Compressed tables use zlib 1.3.1
2025-08-20 17:53:53 0 [Note] InnoDB: Number of transaction pools: 1
2025-08-20 17:53:53 0 [Note] InnoDB: Using crc32 + pclmulqdq instructions
2025-08-20 17:53:53 0 [Note] InnoDB: Using io_uring
2025-08-20 17:53:53 0 [Note] InnoDB: innodb_buffer_pool_size_max=128m, innodb_buffer_pool_size=128m
2025-08-20 17:53:53 0 [Note] InnoDB: Completed initialization of buffer pool
2025-08-20 17:53:53 0 [Note] InnoDB: File system buffers for log disabled (block size=512 bytes)
2025-08-20 17:53:53 0 [Note] InnoDB: End of log at LSN=47891
2025-08-20 17:53:53 0 [Note] InnoDB: Opened 3 undo tablespaces
2025-08-20 17:53:53 0 [Note] InnoDB: 128 rollback segments in 3 undo tablespaces are active.
2025-08-20 17:53:53 0 [Note] InnoDB: Setting file './ibtmp1' size to 12.000MiB. Physically writing the file full; Please wait ...
2025-08-20 17:53:53 0 [Note] InnoDB: File './ibtmp1' size is now 12.000MiB.
2025-08-20 17:53:53 0 [Note] InnoDB: log sequence number 47891; transaction id 16
2025-08-20 17:53:53 0 [Note] InnoDB: Loading buffer pool(s) from /Projects/mariadb/ib_buffer_pool
2025-08-20 17:53:53 0 [Note] Plugin 'wsrep-provider' is disabled.
2025-08-20 17:53:53 0 [Note] InnoDB: Buffer pool(s) load completed at 250820 17:53:53
2025-08-20 17:53:53 0 [Note] /usr/bin/mariadbd: ready for connections.
Version: '12.0.2-MariaDB'  socket: '/run/mysqld/mysqld.sock'  port: 0  Arch Linux

Status information:

Current dir: /Projects/mariadb/
Running threads: 0  Cached threads: 1  Stack size: 299008

Key caches:
default
Buffer_size:     134217728
Block_size:           1024
Division_limit:        100
Age_threshold:         300
Partitions:              0
blocks used:             0
not flushed:             0
w_requests:              0
writes:                  0
r_requests:              0
reads:                   0


handler status:
read_key:            1
read_next:           1
read_rnd             0
read_first:          3
write:               0
delete               0
update:              1

Table status:
Opened tables:         14
Open tables:            9
Open files:            22
Open streams:           4

Memory status:
Non-mmapped space allocated from system: 12476416
Number of free chunks:                   75
Number of fastbin blocks:                48
Number of mmapped regions:               30
Space in mmapped regions:                52948992
Maximum total allocated space:           0
Space available in freed fastbin blocks: 2368
Total allocated space:                   10768688
Total free space:                        1707728
Top-most, releasable space:              4352
Estimated memory (with thread stack):    65724416
Global memory allocated by server:       443030400
Memory allocated by threads:             0



Events status:
LLA = Last Locked At  LUA = Last Unlocked At
WOC = Waiting On Condition  DL = Data Locked
The Event Scheduler is disabled


Status information:

Current dir: /Projects/mariadb/
Running threads: 0  Cached threads: 0  Stack size: 299008

Key caches:
default
Buffer_size:     134217728
Block_size:           1024
Division_limit:        100
Age_threshold:         300
Partitions:              0
blocks used:             0
not flushed:             0
w_requests:              0
writes:                  0
r_requests:              0
reads:                   0


handler status:
read_key:            1
read_next:           2
read_rnd             0
read_first:          5
write:               0
delete               0
update:              1

Table status:
Opened tables:         14
Open tables:            0
Open files:             6
Open streams:           4

Memory status:
Non-mmapped space allocated from system: 12476416
Number of free chunks:                   126
Number of fastbin blocks:                33
Number of mmapped regions:               30
Space in mmapped regions:                52948992
Maximum total allocated space:           0
Space available in freed fastbin blocks: 1840
Total allocated space:                   10023360
Total free space:                        2453056
Top-most, releasable space:              4352
Estimated memory (with thread stack):    65425408
Global memory allocated by server:       442353472
Memory allocated by threads:             0



Events status:
LLA = Last Locked At  LUA = Last Unlocked At
WOC = Waiting On Condition  DL = Data Locked
The Event Scheduler is disabled

2025-08-20 17:59:11 0 [Note] /usr/bin/mariadbd (initiated by: unknown): Normal shutdown
2025-08-20 17:59:11 0 [Note] InnoDB: FTS optimize thread exiting.
2025-08-20 17:59:11 0 [Note] InnoDB: Starting shutdown...
2025-08-20 17:59:11 0 [Note] InnoDB: Dumping buffer pool(s) to /Projects/mariadb/ib_buffer_pool
2025-08-20 17:59:11 0 [Note] InnoDB: Buffer pool(s) dump completed at 250820 17:59:11
2025-08-20 17:59:11 0 [Note] InnoDB: Removed temporary tablespace data file: "./ibtmp1"
2025-08-20 17:59:11 0 [Note] InnoDB: Shutdown completed; log sequence number 47891; transaction id 17
2025-08-20 17:59:11 0 [Note] /usr/bin/mariadbd: Shutdown complete
250820 17:59:11 mysqld_safe mysqld from pid file /Projects/mariadb//archlinux.pid ended
